--- Zipfian skew: 1.000000 #ranks in manifesto: 100---
|---------
| Setting zipf manifest for stream 40
|-------
-- set #ranks= 99 low= 1 high= 150000 remProb= 0.585664
	 [1]: val= 36900 wgt= 0.080028
	 [2]: val= 78002 wgt= 0.040014
	 [3]: val= 123314 wgt= 0.026676
	 [4]: val= 136777 wgt= 0.020007
	 [5]: val= 44485 wgt= 0.016006
	 [6]: val= 55623 wgt= 0.013338
	 [7]: val= 39135 wgt= 0.011433
	 [8]: val= 130057 wgt= 0.010004
	 [9]: val= 66958 wgt= 0.008892
	 [10]: val= 61001 wgt= 0.008003
	 [11]: val= 127588 wgt= 0.007275
	 [12]: val= 115252 wgt= 0.006669
	 [13]: val= 86115 wgt= 0.006156
	 [14]: val= 124828 wgt= 0.005716
	 [15]: val= 81763 wgt= 0.005335
	 [16]: val= 32113 wgt= 0.005002
	 [17]: val= 16251 wgt= 0.004708
	 [18]: val= 129200 wgt= 0.004446
	 [19]: val= 56613 wgt= 0.004212
	 [20]: val= 28547 wgt= 0.004001
	 [21]: val= 84487 wgt= 0.003811
	 [22]: val= 64340 wgt= 0.003638
	 [23]: val= 3372 wgt= 0.003479
	 [24]: val= 107778 wgt= 0.003335
	 [25]: val= 21060 wgt= 0.003201
	 [26]: val= 104480 wgt= 0.003078
	 [27]: val= 88910 wgt= 0.002964
	 [28]: val= 147003 wgt= 0.002858
	 [29]: val= 27998 wgt= 0.002760
	 [30]: val= 716 wgt= 0.002668
	 [31]: val= 29100 wgt= 0.002582
	 [32]: val= 73956 wgt= 0.002501
	 [33]: val= 71134 wgt= 0.002425
	 [34]: val= 36964 wgt= 0.002354
	 [35]: val= 92749 wgt= 0.002287
	 [36]: val= 26394 wgt= 0.002223
	 [37]: val= 44000 wgt= 0.002163
	 [38]: val= 6198 wgt= 0.002106
	 [39]: val= 60480 wgt= 0.002052
	 [40]: val= 82494 wgt= 0.002001
	 [41]: val= 16619 wgt= 0.001952
	 [42]: val= 14116 wgt= 0.001905
	 [43]: val= 87759 wgt= 0.001861
	 [44]: val= 779 wgt= 0.001819
	 [45]: val= 27237 wgt= 0.001778
	 [46]: val= 107811 wgt= 0.001740
	 [47]: val= 119402 wgt= 0.001703
	 [48]: val= 82569 wgt= 0.001667
	 [49]: val= 79061 wgt= 0.001633
	 [50]: val= 61724 wgt= 0.001601
	 [51]: val= 135421 wgt= 0.001569
	 [52]: val= 64824 wgt= 0.001539
	 [53]: val= 32511 wgt= 0.001510
	 [54]: val= 110217 wgt= 0.001482
	 [55]: val= 52970 wgt= 0.001455
	 [56]: val= 2475 wgt= 0.001429
	 [57]: val= 33030 wgt= 0.001404
	 [58]: val= 127466 wgt= 0.001380
	 [59]: val= 9883 wgt= 0.001356
	 [60]: val= 44078 wgt= 0.001334
	 [61]: val= 111728 wgt= 0.001312
	 [62]: val= 102535 wgt= 0.001291
	 [63]: val= 90818 wgt= 0.001270
	 [64]: val= 124831 wgt= 0.001250
	 [65]: val= 122693 wgt= 0.001231
	 [66]: val= 41861 wgt= 0.001213
	 [67]: val= 43185 wgt= 0.001194
	 [68]: val= 104727 wgt= 0.001177
	 [69]: val= 46072 wgt= 0.001160
	 [70]: val= 30352 wgt= 0.001143
	 [71]: val= 116069 wgt= 0.001127
	 [72]: val= 7093 wgt= 0.001112
	 [73]: val= 103750 wgt= 0.001096
	 [74]: val= 117951 wgt= 0.001081
	 [75]: val= 141050 wgt= 0.001067
	 [76]: val= 22252 wgt= 0.001053
	 [77]: val= 29929 wgt= 0.001039
	 [78]: val= 50498 wgt= 0.001026
	 [79]: val= 18984 wgt= 0.001013
	 [80]: val= 302 wgt= 0.001000
	 [81]: val= 122591 wgt= 0.000988
	 [82]: val= 133545 wgt= 0.000976
	 [83]: val= 39133 wgt= 0.000964
	 [84]: val= 105155 wgt= 0.000953
	 [85]: val= 40024 wgt= 0.000942
	 [86]: val= 75986 wgt= 0.000931
	 [87]: val= 144598 wgt= 0.000920
	 [88]: val= 106456 wgt= 0.000909
	 [89]: val= 1776 wgt= 0.000899
	 [90]: val= 138268 wgt= 0.000889
	 [91]: val= 70007 wgt= 0.000879
	 [92]: val= 146809 wgt= 0.000870
	 [93]: val= 60395 wgt= 0.000861
	 [94]: val= 2290 wgt= 0.000851
	 [95]: val= 77600 wgt= 0.000842
	 [96]: val= 113009 wgt= 0.000834
	 [97]: val= 32946 wgt= 0.000825
	 [98]: val= 60110 wgt= 0.000817
	 [99]: val= 3296 wgt= 0.000808
|---------
| Setting zipf manifest for stream 13
|-------
-- set #ranks= 99 low= 92001 high= 94406 remProb= 0.380929
	 [1]: val= 93463 wgt= 0.119572
	 [2]: val= 93797 wgt= 0.059786
	 [3]: val= 92653 wgt= 0.039857
	 [4]: val= 93380 wgt= 0.029893
	 [5]: val= 92942 wgt= 0.023914
	 [6]: val= 92052 wgt= 0.019929
	 [7]: val= 93471 wgt= 0.017082
	 [8]: val= 93293 wgt= 0.014947
	 [9]: val= 92666 wgt= 0.013286
	 [10]: val= 94394 wgt= 0.011957
	 [11]: val= 93392 wgt= 0.010870
	 [12]: val= 93403 wgt= 0.009964
	 [13]: val= 92155 wgt= 0.009198
	 [14]: val= 93695 wgt= 0.008541
	 [15]: val= 93725 wgt= 0.007971
	 [16]: val= 92928 wgt= 0.007473
	 [17]: val= 93173 wgt= 0.007034
	 [18]: val= 92751 wgt= 0.006643
	 [19]: val= 93815 wgt= 0.006293
	 [20]: val= 94300 wgt= 0.005979
	 [21]: val= 92886 wgt= 0.005694
	 [22]: val= 92718 wgt= 0.005435
	 [23]: val= 94216 wgt= 0.005199
	 [24]: val= 92838 wgt= 0.004982
	 [25]: val= 92395 wgt= 0.004783
	 [26]: val= 92999 wgt= 0.004599
	 [27]: val= 92803 wgt= 0.004429
	 [28]: val= 94251 wgt= 0.004270
	 [29]: val= 93538 wgt= 0.004123
	 [30]: val= 93956 wgt= 0.003986
	 [31]: val= 93633 wgt= 0.003857
	 [32]: val= 92167 wgt= 0.003737
	 [33]: val= 92324 wgt= 0.003623
	 [34]: val= 92129 wgt= 0.003517
	 [35]: val= 92890 wgt= 0.003416
	 [36]: val= 92528 wgt= 0.003321
	 [37]: val= 94160 wgt= 0.003232
	 [38]: val= 92122 wgt= 0.003147
	 [39]: val= 93390 wgt= 0.003066
	 [40]: val= 92974 wgt= 0.002989
	 [41]: val= 93224 wgt= 0.002916
	 [42]: val= 94075 wgt= 0.002847
	 [43]: val= 92295 wgt= 0.002781
	 [44]: val= 92396 wgt= 0.002718
	 [45]: val= 93351 wgt= 0.002657
	 [46]: val= 92370 wgt= 0.002599
	 [47]: val= 94156 wgt= 0.002544
	 [48]: val= 92586 wgt= 0.002491
	 [49]: val= 92096 wgt= 0.002440
	 [50]: val= 92728 wgt= 0.002391
	 [51]: val= 92442 wgt= 0.002345
	 [52]: val= 93193 wgt= 0.002299
	 [53]: val= 94194 wgt= 0.002256
	 [54]: val= 93528 wgt= 0.002214
	 [55]: val= 92900 wgt= 0.002174
	 [56]: val= 93241 wgt= 0.002135
	 [57]: val= 92435 wgt= 0.002098
	 [58]: val= 93410 wgt= 0.002062
	 [59]: val= 92422 wgt= 0.002027
	 [60]: val= 92729 wgt= 0.001993
	 [61]: val= 93003 wgt= 0.001960
	 [62]: val= 92658 wgt= 0.001929
	 [63]: val= 94279 wgt= 0.001898
	 [64]: val= 92638 wgt= 0.001868
	 [65]: val= 93806 wgt= 0.001840
	 [66]: val= 92546 wgt= 0.001812
	 [67]: val= 93425 wgt= 0.001785
	 [68]: val= 92868 wgt= 0.001758
	 [69]: val= 93879 wgt= 0.001733
	 [70]: val= 93868 wgt= 0.001708
	 [71]: val= 92732 wgt= 0.001684
	 [72]: val= 92013 wgt= 0.001661
	 [73]: val= 92276 wgt= 0.001638
	 [74]: val= 92563 wgt= 0.001616
	 [75]: val= 94152 wgt= 0.001594
	 [76]: val= 92446 wgt= 0.001573
	 [77]: val= 92079 wgt= 0.001553
	 [78]: val= 92816 wgt= 0.001533
	 [79]: val= 92080 wgt= 0.001514
	 [80]: val= 92656 wgt= 0.001495
	 [81]: val= 93251 wgt= 0.001476
	 [82]: val= 93203 wgt= 0.001458
	 [83]: val= 92798 wgt= 0.001441
	 [84]: val= 92731 wgt= 0.001423
	 [85]: val= 93535 wgt= 0.001407
	 [86]: val= 92896 wgt= 0.001390
	 [87]: val= 92912 wgt= 0.001374
	 [88]: val= 93744 wgt= 0.001359
	 [89]: val= 92629 wgt= 0.001344
	 [90]: val= 93084 wgt= 0.001329
	 [91]: val= 92063 wgt= 0.001314
	 [92]: val= 93543 wgt= 0.001300
	 [93]: val= 93121 wgt= 0.001286
	 [94]: val= 93853 wgt= 0.001272
	 [95]: val= 92351 wgt= 0.001259
	 [96]: val= 92779 wgt= 0.001246
	 [97]: val= 94289 wgt= 0.001233
	 [98]: val= 93052 wgt= 0.001220
	 [99]: val= 92636 wgt= 0.001208
|---------
| Setting zipf manifest for stream 38
|-------
-- set #ranks= 5 low= 1 high= 5 remProb= 0.000000
	 [1]: val= 5 wgt= 0.437956
	 [2]: val= 2 wgt= 0.218978
	 [3]: val= 1 wgt= 0.145985
	 [4]: val= 3 wgt= 0.109489
	 [5]: val= 4 wgt= 0.087591
|---------
| Setting zipf manifest for stream 11
|-------
-- set #ranks= 99 low= 1 high= 1000 remProb= 0.308343
	 [1]: val= 951 wgt= 0.133592
	 [2]: val= 880 wgt= 0.066796
	 [3]: val= 955 wgt= 0.044531
	 [4]: val= 124 wgt= 0.033398
	 [5]: val= 925 wgt= 0.026718
	 [6]: val= 58 wgt= 0.022265
	 [7]: val= 470 wgt= 0.019085
	 [8]: val= 616 wgt= 0.016699
	 [9]: val= 409 wgt= 0.014844
	 [10]: val= 223 wgt= 0.013359
	 [11]: val= 259 wgt= 0.012145
	 [12]: val= 358 wgt= 0.011133
	 [13]: val= 456 wgt= 0.010276
	 [14]: val= 604 wgt= 0.009542
	 [15]: val= 659 wgt= 0.008906
	 [16]: val= 661 wgt= 0.008350
	 [17]: val= 632 wgt= 0.007858
	 [18]: val= 743 wgt= 0.007422
	 [19]: val= 547 wgt= 0.007031
	 [20]: val= 440 wgt= 0.006680
	 [21]: val= 330 wgt= 0.006362
	 [22]: val= 322 wgt= 0.006072
	 [23]: val= 271 wgt= 0.005808
	 [24]: val= 395 wgt= 0.005566
	 [25]: val= 448 wgt= 0.005344
	 [26]: val= 973 wgt= 0.005138
	 [27]: val= 577 wgt= 0.004948
	 [28]: val= 419 wgt= 0.004771
	 [29]: val= 596 wgt= 0.004607
	 [30]: val= 90 wgt= 0.004453
	 [31]: val= 385 wgt= 0.004309
	 [32]: val= 859 wgt= 0.004175
	 [33]: val= 36 wgt= 0.004048
	 [34]: val= 625 wgt= 0.003929
	 [35]: val= 488 wgt= 0.003817
	 [36]: val= 738 wgt= 0.003711
	 [37]: val= 711 wgt= 0.003611
	 [38]: val= 804 wgt= 0.003516
	 [39]: val= 342 wgt= 0.003425
	 [40]: val= 378 wgt= 0.003340
	 [41]: val= 379 wgt= 0.003258
	 [42]: val= 209 wgt= 0.003181
	 [43]: val= 292 wgt= 0.003107
	 [44]: val= 731 wgt= 0.003036
	 [45]: val= 483 wgt= 0.002969
	 [46]: val= 25 wgt= 0.002904
	 [47]: val= 352 wgt= 0.002842
	 [48]: val= 216 wgt= 0.002783
	 [49]: val= 988 wgt= 0.002726
	 [50]: val= 969 wgt= 0.002672
	 [51]: val= 331 wgt= 0.002619
	 [52]: val= 489 wgt= 0.002569
	 [53]: val= 642 wgt= 0.002521
	 [54]: val= 177 wgt= 0.002474
	 [55]: val= 756 wgt= 0.002429
	 [56]: val= 919 wgt= 0.002386
	 [57]: val= 562 wgt= 0.002344
	 [58]: val= 628 wgt= 0.002303
	 [59]: val= 520 wgt= 0.002264
	 [60]: val= 446 wgt= 0.002227
	 [61]: val= 834 wgt= 0.002190
	 [62]: val= 680 wgt= 0.002155
	 [63]: val= 167 wgt= 0.002121
	 [64]: val= 601 wgt= 0.002087
	 [65]: val= 960 wgt= 0.002055
	 [66]: val= 310 wgt= 0.002024
	 [67]: val= 551 wgt= 0.001994
	 [68]: val= 88 wgt= 0.001965
	 [69]: val= 109 wgt= 0.001936
	 [70]: val= 103 wgt= 0.001908
	 [71]: val= 735 wgt= 0.001882
	 [72]: val= 923 wgt= 0.001855
	 [73]: val= 193 wgt= 0.001830
	 [74]: val= 629 wgt= 0.001805
	 [75]: val= 499 wgt= 0.001781
	 [76]: val= 155 wgt= 0.001758
	 [77]: val= 573 wgt= 0.001735
	 [78]: val= 289 wgt= 0.001713
	 [79]: val= 158 wgt= 0.001691
	 [80]: val= 959 wgt= 0.001670
	 [81]: val= 844 wgt= 0.001649
	 [82]: val= 466 wgt= 0.001629
	 [83]: val= 992 wgt= 0.001610
	 [84]: val= 932 wgt= 0.001590
	 [85]: val= 449 wgt= 0.001572
	 [86]: val= 511 wgt= 0.001553
	 [87]: val= 532 wgt= 0.001536
	 [88]: val= 944 wgt= 0.001518
	 [89]: val= 301 wgt= 0.001501
	 [90]: val= 392 wgt= 0.001484
	 [91]: val= 934 wgt= 0.001468
	 [92]: val= 206 wgt= 0.001452
	 [93]: val= 600 wgt= 0.001436
	 [94]: val= 648 wgt= 0.001421
	 [95]: val= 768 wgt= 0.001406
	 [96]: val= 356 wgt= 0.001392
	 [97]: val= 62 wgt= 0.001377
	 [98]: val= 404 wgt= 0.001363
	 [99]: val= 256 wgt= 0.001349
|---------
| Setting zipf manifest for stream 12
|-------
-- set #ranks= 99 low= 0 high= 314572722 remProb= 0.650134
	 [1]: val= 246729301 wgt= 0.067576
	 [2]: val= 81728973 wgt= 0.033788
	 [3]: val= 194348003 wgt= 0.022525
	 [4]: val= 198315938 wgt= 0.016894
	 [5]: val= 197984133 wgt= 0.013515
	 [6]: val= 283640817 wgt= 0.011263
	 [7]: val= 116172432 wgt= 0.009654
	 [8]: val= 271748454 wgt= 0.008447
	 [9]: val= 309474184 wgt= 0.007508
	 [10]: val= 187217622 wgt= 0.006758
	 [11]: val= 210203005 wgt= 0.006143
	 [12]: val= 230240395 wgt= 0.005631
	 [13]: val= 91263314 wgt= 0.005198
	 [14]: val= 5928965 wgt= 0.004827
	 [15]: val= 243142603 wgt= 0.004505
	 [16]: val= 198072443 wgt= 0.004223
	 [17]: val= 194995787 wgt= 0.003975
	 [18]: val= 75579964 wgt= 0.003754
	 [19]: val= 27809417 wgt= 0.003557
	 [20]: val= 252389103 wgt= 0.003379
	 [21]: val= 205068460 wgt= 0.003218
	 [22]: val= 126863176 wgt= 0.003072
	 [23]: val= 15491369 wgt= 0.002938
	 [24]: val= 211811116 wgt= 0.002816
	 [25]: val= 204494396 wgt= 0.002703
	 [26]: val= 230322786 wgt= 0.002599
	 [27]: val= 217712959 wgt= 0.002503
	 [28]: val= 306374943 wgt= 0.002413
	 [29]: val= 2774404 wgt= 0.002330
	 [30]: val= 72652572 wgt= 0.002253
	 [31]: val= 215050247 wgt= 0.002180
	 [32]: val= 223487963 wgt= 0.002112
	 [33]: val= 163883606 wgt= 0.002048
	 [34]: val= 307584490 wgt= 0.001988
	 [35]: val= 198980983 wgt= 0.001931
	 [36]: val= 50765990 wgt= 0.001877
	 [37]: val= 102782935 wgt= 0.001826
	 [38]: val= 153972236 wgt= 0.001778
	 [39]: val= 136163628 wgt= 0.001733
	 [40]: val= 300112195 wgt= 0.001689
	 [41]: val= 126637026 wgt= 0.001648
	 [42]: val= 304028902 wgt= 0.001609
	 [43]: val= 209030862 wgt= 0.001572
	 [44]: val= 33528283 wgt= 0.001536
	 [45]: val= 110118127 wgt= 0.001502
	 [46]: val= 124039340 wgt= 0.001469
	 [47]: val= 55757943 wgt= 0.001438
	 [48]: val= 11621264 wgt= 0.001408
	 [49]: val= 283500821 wgt= 0.001379
	 [50]: val= 279839622 wgt= 0.001352
	 [51]: val= 87757088 wgt= 0.001325
	 [52]: val= 216467912 wgt= 0.001300
	 [53]: val= 142664635 wgt= 0.001275
	 [54]: val= 91242463 wgt= 0.001251
	 [55]: val= 284633775 wgt= 0.001229
	 [56]: val= 132463376 wgt= 0.001207
	 [57]: val= 80808576 wgt= 0.001186
	 [58]: val= 139291801 wgt= 0.001165
	 [59]: val= 27101878 wgt= 0.001145
	 [60]: val= 314542356 wgt= 0.001126
	 [61]: val= 118770815 wgt= 0.001108
	 [62]: val= 217170554 wgt= 0.001090
	 [63]: val= 312775783 wgt= 0.001073
	 [64]: val= 312386990 wgt= 0.001056
	 [65]: val= 69399620 wgt= 0.001040
	 [66]: val= 278345723 wgt= 0.001024
	 [67]: val= 145609507 wgt= 0.001009
	 [68]: val= 197782670 wgt= 0.000994
	 [69]: val= 43374685 wgt= 0.000979
	 [70]: val= 133347340 wgt= 0.000965
	 [71]: val= 152670963 wgt= 0.000952
	 [72]: val= 285759379 wgt= 0.000939
	 [73]: val= 176125971 wgt= 0.000926
	 [74]: val= 19880749 wgt= 0.000913
	 [75]: val= 59519905 wgt= 0.000901
	 [76]: val= 9789769 wgt= 0.000889
	 [77]: val= 15125679 wgt= 0.000878
	 [78]: val= 42532020 wgt= 0.000866
	 [79]: val= 126438072 wgt= 0.000855
	 [80]: val= 105946033 wgt= 0.000845
	 [81]: val= 153370245 wgt= 0.000834
	 [82]: val= 84820388 wgt= 0.000824
	 [83]: val= 247263348 wgt= 0.000814
	 [84]: val= 249423750 wgt= 0.000804
	 [85]: val= 68869409 wgt= 0.000795
	 [86]: val= 175119890 wgt= 0.000786
	 [87]: val= 97607636 wgt= 0.000777
	 [88]: val= 309363272 wgt= 0.000768
	 [89]: val= 210552131 wgt= 0.000759
	 [90]: val= 121113409 wgt= 0.000751
	 [91]: val= 267561771 wgt= 0.000743
	 [92]: val= 93610879 wgt= 0.000735
	 [93]: val= 139859486 wgt= 0.000727
	 [94]: val= 131003919 wgt= 0.000719
	 [95]: val= 88394279 wgt= 0.000711
	 [96]: val= 230262934 wgt= 0.000704
	 [97]: val= 155500419 wgt= 0.000697
	 [98]: val= 25360955 wgt= 0.000690
	 [99]: val= 310114991 wgt= 0.000683
|---------
| Setting zipf manifest for stream 51
|-------
-- set #ranks= 60 low= 19 high= 78 remProb= 0.000000
	 [1]: val= 46 wgt= 0.213681
	 [2]: val= 26 wgt= 0.106841
	 [3]: val= 63 wgt= 0.071227
	 [4]: val= 32 wgt= 0.053420
	 [5]: val= 42 wgt= 0.042736
	 [6]: val= 24 wgt= 0.035614
	 [7]: val= 28 wgt= 0.030526
	 [8]: val= 64 wgt= 0.026710
	 [9]: val= 69 wgt= 0.023742
	 [10]: val= 66 wgt= 0.021368
	 [11]: val= 38 wgt= 0.019426
	 [12]: val= 67 wgt= 0.017807
	 [13]: val= 43 wgt= 0.016437
	 [14]: val= 20 wgt= 0.015263
	 [15]: val= 37 wgt= 0.014245
	 [16]: val= 39 wgt= 0.013355
	 [17]: val= 58 wgt= 0.012569
	 [18]: val= 30 wgt= 0.011871
	 [19]: val= 27 wgt= 0.011246
	 [20]: val= 71 wgt= 0.010684
	 [21]: val= 23 wgt= 0.010175
	 [22]: val= 52 wgt= 0.009713
	 [23]: val= 41 wgt= 0.009290
	 [24]: val= 57 wgt= 0.008903
	 [25]: val= 54 wgt= 0.008547
	 [26]: val= 22 wgt= 0.008219
	 [27]: val= 65 wgt= 0.007914
	 [28]: val= 29 wgt= 0.007631
	 [29]: val= 33 wgt= 0.007368
	 [30]: val= 62 wgt= 0.007123
	 [31]: val= 53 wgt= 0.006893
	 [32]: val= 21 wgt= 0.006678
	 [33]: val= 47 wgt= 0.006475
	 [34]: val= 72 wgt= 0.006285
	 [35]: val= 45 wgt= 0.006105
	 [36]: val= 31 wgt= 0.005936
	 [37]: val= 44 wgt= 0.005775
	 [38]: val= 34 wgt= 0.005623
	 [39]: val= 59 wgt= 0.005479
	 [40]: val= 35 wgt= 0.005342
	 [41]: val= 48 wgt= 0.005212
	 [42]: val= 36 wgt= 0.005088
	 [43]: val= 74 wgt= 0.004969
	 [44]: val= 60 wgt= 0.004856
	 [45]: val= 73 wgt= 0.004748
	 [46]: val= 55 wgt= 0.004645
	 [47]: val= 56 wgt= 0.004546
	 [48]: val= 61 wgt= 0.004452
	 [49]: val= 77 wgt= 0.004361
	 [50]: val= 78 wgt= 0.004274
	 [51]: val= 25 wgt= 0.004190
	 [52]: val= 75 wgt= 0.004109
	 [53]: val= 50 wgt= 0.004032
	 [54]: val= 68 wgt= 0.003957
	 [55]: val= 49 wgt= 0.003885
	 [56]: val= 19 wgt= 0.003816
	 [57]: val= 40 wgt= 0.003749
	 [58]: val= 51 wgt= 0.003684
	 [59]: val= 70 wgt= 0.003622
	 [60]: val= 76 wgt= 0.003561
|---------
| Setting zipf manifest for stream 43
|-------
-- set #ranks= 7 low= 1 high= 7 remProb= 0.000000
	 [1]: val= 6 wgt= 0.385675
	 [2]: val= 2 wgt= 0.192837
	 [3]: val= 7 wgt= 0.128558
	 [4]: val= 4 wgt= 0.096419
	 [5]: val= 1 wgt= 0.077135
	 [6]: val= 5 wgt= 0.064279
	 [7]: val= 3 wgt= 0.055096
|---------
| Setting zipf manifest for stream 14
|-------
-- set #ranks= 50 low= 1 high= 50 remProb= 0.000000
	 [1]: val= 17 wgt= 0.222261
	 [2]: val= 36 wgt= 0.111131
	 [3]: val= 9 wgt= 0.074087
	 [4]: val= 29 wgt= 0.055565
	 [5]: val= 26 wgt= 0.044452
	 [6]: val= 34 wgt= 0.037044
	 [7]: val= 28 wgt= 0.031752
	 [8]: val= 40 wgt= 0.027783
	 [9]: val= 33 wgt= 0.024696
	 [10]: val= 45 wgt= 0.022226
	 [11]: val= 8 wgt= 0.020206
	 [12]: val= 15 wgt= 0.018522
	 [13]: val= 39 wgt= 0.017097
	 [14]: val= 16 wgt= 0.015876
	 [15]: val= 47 wgt= 0.014817
	 [16]: val= 49 wgt= 0.013891
	 [17]: val= 6 wgt= 0.013074
	 [18]: val= 18 wgt= 0.012348
	 [19]: val= 2 wgt= 0.011698
	 [20]: val= 35 wgt= 0.011113
	 [21]: val= 43 wgt= 0.010584
	 [22]: val= 13 wgt= 0.010103
	 [23]: val= 4 wgt= 0.009664
	 [24]: val= 23 wgt= 0.009261
	 [25]: val= 7 wgt= 0.008890
	 [26]: val= 3 wgt= 0.008549
	 [27]: val= 37 wgt= 0.008232
	 [28]: val= 38 wgt= 0.007938
	 [29]: val= 20 wgt= 0.007664
	 [30]: val= 11 wgt= 0.007409
	 [31]: val= 50 wgt= 0.007170
	 [32]: val= 1 wgt= 0.006946
	 [33]: val= 32 wgt= 0.006735
	 [34]: val= 41 wgt= 0.006537
	 [35]: val= 21 wgt= 0.006350
	 [36]: val= 46 wgt= 0.006174
	 [37]: val= 30 wgt= 0.006007
	 [38]: val= 31 wgt= 0.005849
	 [39]: val= 42 wgt= 0.005699
	 [40]: val= 12 wgt= 0.005557
	 [41]: val= 19 wgt= 0.005421
	 [42]: val= 44 wgt= 0.005292
	 [43]: val= 22 wgt= 0.005169
	 [44]: val= 10 wgt= 0.005051
	 [45]: val= 25 wgt= 0.004939
	 [46]: val= 48 wgt= 0.004832
	 [47]: val= 14 wgt= 0.004729
	 [48]: val= 24 wgt= 0.004630
	 [49]: val= 27 wgt= 0.004536
	 [50]: val= 5 wgt= 0.004445
|---------
| Setting zipf manifest for stream 15
|-------
-- set #ranks= 11 low= 0 high= 10 remProb= 0.000000
	 [1]: val= 4 wgt= 0.331139
	 [2]: val= 9 wgt= 0.165570
	 [3]: val= 10 wgt= 0.110380
	 [4]: val= 1 wgt= 0.082785
	 [5]: val= 2 wgt= 0.066228
	 [6]: val= 3 wgt= 0.055190
	 [7]: val= 6 wgt= 0.047306
	 [8]: val= 7 wgt= 0.041392
	 [9]: val= 5 wgt= 0.036793
	 [10]: val= 0 wgt= 0.033114
	 [11]: val= 8 wgt= 0.030104
|---------
| Setting zipf manifest for stream 16
|-------
-- set #ranks= 9 low= 0 high= 8 remProb= 0.000000
	 [1]: val= 2 wgt= 0.353486
	 [2]: val= 6 wgt= 0.176743
	 [3]: val= 4 wgt= 0.117829
	 [4]: val= 7 wgt= 0.088371
	 [5]: val= 1 wgt= 0.070697
	 [6]: val= 0 wgt= 0.058914
	 [7]: val= 8 wgt= 0.050498
	 [8]: val= 5 wgt= 0.044186
	 [9]: val= 3 wgt= 0.039276
|---------
| Setting zipf manifest for stream 17
|-------
-- set #ranks= 4 low= 1 high= 4 remProb= 0.000000
	 [1]: val= 1 wgt= 0.480000
	 [2]: val= 4 wgt= 0.240000
	 [3]: val= 2 wgt= 0.160000
	 [4]: val= 3 wgt= 0.120000
|---------
| Setting zipf manifest for stream 18
|-------
-- set #ranks= 7 low= 1 high= 7 remProb= 0.000000
	 [1]: val= 4 wgt= 0.385675
	 [2]: val= 5 wgt= 0.192837
	 [3]: val= 3 wgt= 0.128558
	 [4]: val= 1 wgt= 0.096419
	 [5]: val= 7 wgt= 0.077135
	 [6]: val= 2 wgt= 0.064279
	 [7]: val= 6 wgt= 0.055096
|---------
| Setting zipf manifest for stream 25
|-------
-- set #ranks= 99 low= 0 high= 314572757 remProb= 0.680102
	 [1]: val= 155375438 wgt= 0.061788
	 [2]: val= 126538218 wgt= 0.030894
	 [3]: val= 215986308 wgt= 0.020596
	 [4]: val= 226835181 wgt= 0.015447
	 [5]: val= 111637814 wgt= 0.012358
	 [6]: val= 184813717 wgt= 0.010298
	 [7]: val= 72740823 wgt= 0.008827
	 [8]: val= 125280114 wgt= 0.007723
	 [9]: val= 147421403 wgt= 0.006865
	 [10]: val= 136486305 wgt= 0.006179
	 [11]: val= 60777370 wgt= 0.005617
	 [12]: val= 67526964 wgt= 0.005149
	 [13]: val= 261756740 wgt= 0.004753
	 [14]: val= 45512288 wgt= 0.004413
	 [15]: val= 198652792 wgt= 0.004119
	 [16]: val= 196802321 wgt= 0.003862
	 [17]: val= 238642649 wgt= 0.003635
	 [18]: val= 64347269 wgt= 0.003433
	 [19]: val= 297983745 wgt= 0.003252
	 [20]: val= 214502603 wgt= 0.003089
	 [21]: val= 141457594 wgt= 0.002942
	 [22]: val= 251466918 wgt= 0.002809
	 [23]: val= 119498710 wgt= 0.002686
	 [24]: val= 182347150 wgt= 0.002574
	 [25]: val= 140743364 wgt= 0.002472
	 [26]: val= 201165114 wgt= 0.002376
	 [27]: val= 268643346 wgt= 0.002288
	 [28]: val= 25934525 wgt= 0.002207
	 [29]: val= 198299503 wgt= 0.002131
	 [30]: val= 235962805 wgt= 0.002060
	 [31]: val= 8111439 wgt= 0.001993
	 [32]: val= 118961873 wgt= 0.001931
	 [33]: val= 282327187 wgt= 0.001872
	 [34]: val= 57557576 wgt= 0.001817
	 [35]: val= 58964315 wgt= 0.001765
	 [36]: val= 109068564 wgt= 0.001716
	 [37]: val= 99898455 wgt= 0.001670
	 [38]: val= 118534729 wgt= 0.001626
	 [39]: val= 23928736 wgt= 0.001584
	 [40]: val= 146285756 wgt= 0.001545
	 [41]: val= 238604309 wgt= 0.001507
	 [42]: val= 49115937 wgt= 0.001471
	 [43]: val= 52647169 wgt= 0.001437
	 [44]: val= 262382442 wgt= 0.001404
	 [45]: val= 180785883 wgt= 0.001373
	 [46]: val= 10079638 wgt= 0.001343
	 [47]: val= 168347075 wgt= 0.001315
	 [48]: val= 141913331 wgt= 0.001287
	 [49]: val= 46704954 wgt= 0.001261
	 [50]: val= 111137903 wgt= 0.001236
	 [51]: val= 276276995 wgt= 0.001212
	 [52]: val= 293558037 wgt= 0.001188
	 [53]: val= 70799873 wgt= 0.001166
	 [54]: val= 219311202 wgt= 0.001144
	 [55]: val= 114372643 wgt= 0.001123
	 [56]: val= 221473236 wgt= 0.001103
	 [57]: val= 275814841 wgt= 0.001084
	 [58]: val= 75883739 wgt= 0.001065
	 [59]: val= 100056451 wgt= 0.001047
	 [60]: val= 257383633 wgt= 0.001030
	 [61]: val= 156725255 wgt= 0.001013
	 [62]: val= 163659322 wgt= 0.000997
	 [63]: val= 312604527 wgt= 0.000981
	 [64]: val= 264670543 wgt= 0.000965
	 [65]: val= 259028072 wgt= 0.000951
	 [66]: val= 112422610 wgt= 0.000936
	 [67]: val= 162828177 wgt= 0.000922
	 [68]: val= 184760781 wgt= 0.000909
	 [69]: val= 126755066 wgt= 0.000895
	 [70]: val= 85681954 wgt= 0.000883
	 [71]: val= 257101964 wgt= 0.000870
	 [72]: val= 141307291 wgt= 0.000858
	 [73]: val= 241890745 wgt= 0.000846
	 [74]: val= 234012946 wgt= 0.000835
	 [75]: val= 266976260 wgt= 0.000824
	 [76]: val= 4183130 wgt= 0.000813
	 [77]: val= 156141041 wgt= 0.000802
	 [78]: val= 96536943 wgt= 0.000792
	 [79]: val= 244693995 wgt= 0.000782
	 [80]: val= 162324755 wgt= 0.000772
	 [81]: val= 217208354 wgt= 0.000763
	 [82]: val= 3958297 wgt= 0.000754
	 [83]: val= 152256125 wgt= 0.000744
	 [84]: val= 233892537 wgt= 0.000736
	 [85]: val= 130691891 wgt= 0.000727
	 [86]: val= 191616670 wgt= 0.000718
	 [87]: val= 220056655 wgt= 0.000710
	 [88]: val= 60301176 wgt= 0.000702
	 [89]: val= 243021533 wgt= 0.000694
	 [90]: val= 50221795 wgt= 0.000687
	 [91]: val= 79014897 wgt= 0.000679
	 [92]: val= 191776424 wgt= 0.000672
	 [93]: val= 73891123 wgt= 0.000664
	 [94]: val= 269439611 wgt= 0.000657
	 [95]: val= 196693572 wgt= 0.000650
	 [96]: val= 298332962 wgt= 0.000644
	 [97]: val= 106911870 wgt= 0.000637
	 [98]: val= 28216950 wgt= 0.000630
	 [99]: val= 181145567 wgt= 0.000624
|---------
| Setting zipf manifest for stream 52
|-------
-- set #ranks= 34 low= 10 high= 43 remProb= 0.000000
	 [1]: val= 36 wgt= 0.242824
	 [2]: val= 15 wgt= 0.121412
	 [3]: val= 11 wgt= 0.080941
	 [4]: val= 29 wgt= 0.060706
	 [5]: val= 13 wgt= 0.048565
	 [6]: val= 16 wgt= 0.040471
	 [7]: val= 24 wgt= 0.034689
	 [8]: val= 31 wgt= 0.030353
	 [9]: val= 26 wgt= 0.026980
	 [10]: val= 21 wgt= 0.024282
	 [11]: val= 14 wgt= 0.022075
	 [12]: val= 18 wgt= 0.020235
	 [13]: val= 12 wgt= 0.018679
	 [14]: val= 34 wgt= 0.017345
	 [15]: val= 33 wgt= 0.016188
	 [16]: val= 27 wgt= 0.015176
	 [17]: val= 25 wgt= 0.014284
	 [18]: val= 23 wgt= 0.013490
	 [19]: val= 37 wgt= 0.012780
	 [20]: val= 32 wgt= 0.012141
	 [21]: val= 43 wgt= 0.011563
	 [22]: val= 30 wgt= 0.011037
	 [23]: val= 40 wgt= 0.010558
	 [24]: val= 39 wgt= 0.010118
	 [25]: val= 17 wgt= 0.009713
	 [26]: val= 20 wgt= 0.009339
	 [27]: val= 41 wgt= 0.008993
	 [28]: val= 42 wgt= 0.008672
	 [29]: val= 10 wgt= 0.008373
	 [30]: val= 19 wgt= 0.008094
	 [31]: val= 38 wgt= 0.007833
	 [32]: val= 28 wgt= 0.007588
	 [33]: val= 22 wgt= 0.007358
	 [34]: val= 35 wgt= 0.007142
|---------
| Setting zipf manifest for stream 19
|-------
-- set #ranks= 99 low= 1 high= 200000 remProb= 0.594989
	 [1]: val= 155190 wgt= 0.078227
	 [2]: val= 67310 wgt= 0.039114
	 [3]: val= 63700 wgt= 0.026076
	 [4]: val= 2132 wgt= 0.019557
	 [5]: val= 24027 wgt= 0.015645
	 [6]: val= 15635 wgt= 0.013038
	 [7]: val= 168187 wgt= 0.011175
	 [8]: val= 106170 wgt= 0.009778
	 [9]: val= 194509 wgt= 0.008692
	 [10]: val= 100164 wgt= 0.007823
	 [11]: val= 45803 wgt= 0.007112
	 [12]: val= 4439 wgt= 0.006519
	 [13]: val= 195679 wgt= 0.006017
	 [14]: val= 166420 wgt= 0.005588
	 [15]: val= 4297 wgt= 0.005215
	 [16]: val= 19036 wgt= 0.004889
	 [17]: val= 128449 wgt= 0.004602
	 [18]: val= 29380 wgt= 0.004346
	 [19]: val= 183095 wgt= 0.004117
	 [20]: val= 62143 wgt= 0.003911
	 [21]: val= 30517 wgt= 0.003725
	 [22]: val= 88035 wgt= 0.003556
	 [23]: val= 198934 wgt= 0.003401
	 [24]: val= 75801 wgt= 0.003259
	 [25]: val= 174693 wgt= 0.003129
	 [26]: val= 62860 wgt= 0.003009
	 [27]: val= 82795 wgt= 0.002897
	 [28]: val= 130881 wgt= 0.002794
	 [29]: val= 108570 wgt= 0.002697
	 [30]: val= 123927 wgt= 0.002608
	 [31]: val= 37531 wgt= 0.002523
	 [32]: val= 169728 wgt= 0.002445
	 [33]: val= 6483 wgt= 0.002371
	 [34]: val= 146767 wgt= 0.002301
	 [35]: val= 107250 wgt= 0.002235
	 [36]: val= 139636 wgt= 0.002173
	 [37]: val= 53077 wgt= 0.002114
	 [38]: val= 63342 wgt= 0.002059
	 [39]: val= 172758 wgt= 0.002006
	 [40]: val= 138036 wgt= 0.001956
	 [41]: val= 169137 wgt= 0.001908
	 [42]: val= 84024 wgt= 0.001863
	 [43]: val= 182052 wgt= 0.001819
	 [44]: val= 145243 wgt= 0.001778
	 [45]: val= 94780 wgt= 0.001738
	 [46]: val= 163073 wgt= 0.001701
	 [47]: val= 151894 wgt= 0.001664
	 [48]: val= 79251 wgt= 0.001630
	 [49]: val= 157238 wgt= 0.001596
	 [50]: val= 82704 wgt= 0.001565
	 [51]: val= 197921 wgt= 0.001534
	 [52]: val= 44161 wgt= 0.001504
	 [53]: val= 2743 wgt= 0.001476
	 [54]: val= 85811 wgt= 0.001449
	 [55]: val= 11615 wgt= 0.001422
	 [56]: val= 7906 wgt= 0.001397
	 [57]: val= 61336 wgt= 0.001372
	 [58]: val= 60519 wgt= 0.001349
	 [59]: val= 137469 wgt= 0.001326
	 [60]: val= 33918 wgt= 0.001304
	 [61]: val= 51221 wgt= 0.001282
	 [62]: val= 64662 wgt= 0.001262
	 [63]: val= 158535 wgt= 0.001242
	 [64]: val= 88362 wgt= 0.001222
	 [65]: val= 89414 wgt= 0.001203
	 [66]: val= 169544 wgt= 0.001185
	 [67]: val= 110005 wgt= 0.001168
	 [68]: val= 41809 wgt= 0.001150
	 [69]: val= 79460 wgt= 0.001134
	 [70]: val= 82621 wgt= 0.001118
	 [71]: val= 450 wgt= 0.001102
	 [72]: val= 161940 wgt= 0.001086
	 [73]: val= 120896 wgt= 0.001072
	 [74]: val= 85175 wgt= 0.001057
	 [75]: val= 119917 wgt= 0.001043
	 [76]: val= 30762 wgt= 0.001029
	 [77]: val= 12300 wgt= 0.001016
	 [78]: val= 119767 wgt= 0.001003
	 [79]: val= 114680 wgt= 0.000990
	 [80]: val= 18173 wgt= 0.000978
	 [81]: val= 27066 wgt= 0.000966
	 [82]: val= 92798 wgt= 0.000954
	 [83]: val= 51105 wgt= 0.000942
	 [84]: val= 119964 wgt= 0.000931
	 [85]: val= 22630 wgt= 0.000920
	 [86]: val= 126782 wgt= 0.000910
	 [87]: val= 12903 wgt= 0.000899
	 [88]: val= 59838 wgt= 0.000889
	 [89]: val= 87594 wgt= 0.000879
	 [90]: val= 186163 wgt= 0.000869
	 [91]: val= 38840 wgt= 0.000860
	 [92]: val= 175839 wgt= 0.000850
	 [93]: val= 122728 wgt= 0.000841
	 [94]: val= 89025 wgt= 0.000832
	 [95]: val= 36881 wgt= 0.000823
	 [96]: val= 49779 wgt= 0.000815
	 [97]: val= 34978 wgt= 0.000806
	 [98]: val= 72994 wgt= 0.000798
	 [99]: val= 2320 wgt= 0.000790
|---------
| Setting zipf manifest for stream 20
|-------
-- set #ranks= 4 low= 0 high= 3 remProb= 0.000000
	 [1]: val= 1 wgt= 0.480000
	 [2]: val= 0 wgt= 0.240000
	 [3]: val= 2 wgt= 0.160000
	 [4]: val= 3 wgt= 0.120000
|---------
| Setting zipf manifest for stream 21
|-------
-- set #ranks= 99 low= 1 high= 121 remProb= 0.037149
	 [1]: val= 71 wgt= 0.185973
	 [2]: val= 101 wgt= 0.092986
	 [3]: val= 27 wgt= 0.061991
	 [4]: val= 110 wgt= 0.046493
	 [5]: val= 88 wgt= 0.037195
	 [6]: val= 28 wgt= 0.030995
	 [7]: val= 94 wgt= 0.026568
	 [8]: val= 58 wgt= 0.023247
	 [9]: val= 114 wgt= 0.020664
	 [10]: val= 97 wgt= 0.018597
	 [11]: val= 69 wgt= 0.016907
	 [12]: val= 106 wgt= 0.015498
	 [13]: val= 70 wgt= 0.014306
	 [14]: val= 91 wgt= 0.013284
	 [15]: val= 111 wgt= 0.012398
	 [16]: val= 26 wgt= 0.011623
	 [17]: val= 51 wgt= 0.010940
	 [18]: val= 61 wgt= 0.010332
	 [19]: val= 15 wgt= 0.009788
	 [20]: val= 46 wgt= 0.009299
	 [21]: val= 77 wgt= 0.008856
	 [22]: val= 50 wgt= 0.008453
	 [23]: val= 55 wgt= 0.008086
	 [24]: val= 93 wgt= 0.007749
	 [25]: val= 78 wgt= 0.007439
	 [26]: val= 9 wgt= 0.007153
	 [27]: val= 75 wgt= 0.006888
	 [28]: val= 85 wgt= 0.006642
	 [29]: val= 1 wgt= 0.006413
	 [30]: val= 65 wgt= 0.006199
	 [31]: val= 66 wgt= 0.005999
	 [32]: val= 112 wgt= 0.005812
	 [33]: val= 115 wgt= 0.005636
	 [34]: val= 80 wgt= 0.005470
	 [35]: val= 19 wgt= 0.005314
	 [36]: val= 39 wgt= 0.005166
	 [37]: val= 118 wgt= 0.005026
	 [38]: val= 22 wgt= 0.004894
	 [39]: val= 5 wgt= 0.004769
	 [40]: val= 32 wgt= 0.004649
	 [41]: val= 6 wgt= 0.004536
	 [42]: val= 31 wgt= 0.004428
	 [43]: val= 99 wgt= 0.004325
	 [44]: val= 29 wgt= 0.004227
	 [45]: val= 43 wgt= 0.004133
	 [46]: val= 2 wgt= 0.004043
	 [47]: val= 13 wgt= 0.003957
	 [48]: val= 119 wgt= 0.003874
	 [49]: val= 121 wgt= 0.003795
	 [50]: val= 84 wgt= 0.003719
	 [51]: val= 67 wgt= 0.003647
	 [52]: val= 34 wgt= 0.003576
	 [53]: val= 16 wgt= 0.003509
	 [54]: val= 81 wgt= 0.003444
	 [55]: val= 92 wgt= 0.003381
	 [56]: val= 72 wgt= 0.003321
	 [57]: val= 12 wgt= 0.003263
	 [58]: val= 48 wgt= 0.003206
	 [59]: val= 37 wgt= 0.003152
	 [60]: val= 83 wgt= 0.003100
	 [61]: val= 87 wgt= 0.003049
	 [62]: val= 56 wgt= 0.003000
	 [63]: val= 108 wgt= 0.002952
	 [64]: val= 89 wgt= 0.002906
	 [65]: val= 57 wgt= 0.002861
	 [66]: val= 102 wgt= 0.002818
	 [67]: val= 33 wgt= 0.002776
	 [68]: val= 45 wgt= 0.002735
	 [69]: val= 79 wgt= 0.002695
	 [70]: val= 76 wgt= 0.002657
	 [71]: val= 95 wgt= 0.002619
	 [72]: val= 90 wgt= 0.002583
	 [73]: val= 4 wgt= 0.002548
	 [74]: val= 74 wgt= 0.002513
	 [75]: val= 30 wgt= 0.002480
	 [76]: val= 11 wgt= 0.002447
	 [77]: val= 63 wgt= 0.002415
	 [78]: val= 10 wgt= 0.002384
	 [79]: val= 117 wgt= 0.002354
	 [80]: val= 62 wgt= 0.002325
	 [81]: val= 21 wgt= 0.002296
	 [82]: val= 25 wgt= 0.002268
	 [83]: val= 40 wgt= 0.002241
	 [84]: val= 47 wgt= 0.002214
	 [85]: val= 105 wgt= 0.002188
	 [86]: val= 82 wgt= 0.002162
	 [87]: val= 96 wgt= 0.002138
	 [88]: val= 41 wgt= 0.002113
	 [89]: val= 54 wgt= 0.002090
	 [90]: val= 113 wgt= 0.002066
	 [91]: val= 116 wgt= 0.002044
	 [92]: val= 103 wgt= 0.002021
	 [93]: val= 24 wgt= 0.002000
	 [94]: val= 49 wgt= 0.001978
	 [95]: val= 98 wgt= 0.001958
	 [96]: val= 18 wgt= 0.001937
	 [97]: val= 68 wgt= 0.001917
	 [98]: val= 8 wgt= 0.001898
	 [99]: val= 104 wgt= 0.001879
|---------
| Setting zipf manifest for stream 22
|-------
-- set #ranks= 61 low= 30 high= 90 remProb= 0.000000
	 [1]: val= 41 wgt= 0.212935
	 [2]: val= 58 wgt= 0.106468
	 [3]: val= 64 wgt= 0.070978
	 [4]: val= 88 wgt= 0.053234
	 [5]: val= 73 wgt= 0.042587
	 [6]: val= 30 wgt= 0.035489
	 [7]: val= 72 wgt= 0.030419
	 [8]: val= 50 wgt= 0.026617
	 [9]: val= 78 wgt= 0.023659
	 [10]: val= 34 wgt= 0.021294
	 [11]: val= 38 wgt= 0.019358
	 [12]: val= 67 wgt= 0.017745
	 [13]: val= 89 wgt= 0.016380
	 [14]: val= 77 wgt= 0.015210
	 [15]: val= 84 wgt= 0.014196
	 [16]: val= 36 wgt= 0.013308
	 [17]: val= 52 wgt= 0.012526
	 [18]: val= 86 wgt= 0.011830
	 [19]: val= 42 wgt= 0.011207
	 [20]: val= 39 wgt= 0.010647
	 [21]: val= 74 wgt= 0.010140
	 [22]: val= 49 wgt= 0.009679
	 [23]: val= 32 wgt= 0.009258
	 [24]: val= 63 wgt= 0.008872
	 [25]: val= 57 wgt= 0.008517
	 [26]: val= 44 wgt= 0.008190
	 [27]: val= 60 wgt= 0.007886
	 [28]: val= 85 wgt= 0.007605
	 [29]: val= 59 wgt= 0.007343
	 [30]: val= 51 wgt= 0.007098
	 [31]: val= 83 wgt= 0.006869
	 [32]: val= 90 wgt= 0.006654
	 [33]: val= 61 wgt= 0.006453
	 [34]: val= 33 wgt= 0.006263
	 [35]: val= 37 wgt= 0.006084
	 [36]: val= 53 wgt= 0.005915
	 [37]: val= 31 wgt= 0.005755
	 [38]: val= 54 wgt= 0.005604
	 [39]: val= 65 wgt= 0.005460
	 [40]: val= 62 wgt= 0.005323
	 [41]: val= 48 wgt= 0.005194
	 [42]: val= 75 wgt= 0.005070
	 [43]: val= 82 wgt= 0.004952
	 [44]: val= 79 wgt= 0.004839
	 [45]: val= 87 wgt= 0.004732
	 [46]: val= 69 wgt= 0.004629
	 [47]: val= 66 wgt= 0.004531
	 [48]: val= 80 wgt= 0.004436
	 [49]: val= 46 wgt= 0.004346
	 [50]: val= 81 wgt= 0.004259
	 [51]: val= 70 wgt= 0.004175
	 [52]: val= 43 wgt= 0.004095
	 [53]: val= 68 wgt= 0.004018
	 [54]: val= 56 wgt= 0.003943
	 [55]: val= 45 wgt= 0.003872
	 [56]: val= 47 wgt= 0.003802
	 [57]: val= 40 wgt= 0.003736
	 [58]: val= 76 wgt= 0.003671
	 [59]: val= 35 wgt= 0.003609
	 [60]: val= 71 wgt= 0.003549
	 [61]: val= 55 wgt= 0.003491
|---------
| Setting zipf manifest for stream 23
|-------
-- set #ranks= 30 low= 1 high= 30 remProb= 0.000000
	 [1]: val= 9 wgt= 0.250314
	 [2]: val= 1 wgt= 0.125157
	 [3]: val= 4 wgt= 0.083438
	 [4]: val= 26 wgt= 0.062578
	 [5]: val= 6 wgt= 0.050063
	 [6]: val= 2 wgt= 0.041719
	 [7]: val= 11 wgt= 0.035759
	 [8]: val= 7 wgt= 0.031289
	 [9]: val= 18 wgt= 0.027813
	 [10]: val= 28 wgt= 0.025031
	 [11]: val= 19 wgt= 0.022756
	 [12]: val= 22 wgt= 0.020859
	 [13]: val= 25 wgt= 0.019255
	 [14]: val= 21 wgt= 0.017880
	 [15]: val= 3 wgt= 0.016688
	 [16]: val= 23 wgt= 0.015645
	 [17]: val= 20 wgt= 0.014724
	 [18]: val= 30 wgt= 0.013906
	 [19]: val= 13 wgt= 0.013174
	 [20]: val= 14 wgt= 0.012516
	 [21]: val= 10 wgt= 0.011920
	 [22]: val= 24 wgt= 0.011378
	 [23]: val= 16 wgt= 0.010883
	 [24]: val= 27 wgt= 0.010430
	 [25]: val= 12 wgt= 0.010013
	 [26]: val= 15 wgt= 0.009627
	 [27]: val= 8 wgt= 0.009271
	 [28]: val= 17 wgt= 0.008940
	 [29]: val= 5 wgt= 0.008632
	 [30]: val= 29 wgt= 0.008344
|---------
| Setting zipf manifest for stream 24
|-------
-- set #ranks= 2 low= 1 high= 2 remProb= 0.000000
	 [1]: val= 2 wgt= 0.666667
	 [2]: val= 1 wgt= 0.333333
Begin task 2 out of 2, seed status: [0]=1[1]=46831694[2]=1841581359[3]=1193163244[4]=727633698[5]=933588178[6]=804159733[7]=1671059989[8]=1051288424[9]=1961692154[10]=1216709544[11]=220815988[12]=304069958[13]=927682036[14]=1402806825[15]=1548178820[16]=282231916[17]=749662631[18]=717286652[19]=1804827253[20]=1008205604[21]=241100061[22]=1456568724[23]=778109616[24]=111666553[25]=431036508[26]=881155353[27]=1489529863[28]=1521138112[29]=298370230[30]=1140279430[31]=1335826707[32]=706178559[33]=110356601[34]=884434366[35]=962338209[36]=1341315363[37]=709314158[38]=733913780[39]=431918286[40]=1625819145[41]=606179079[42]=1500869201[43]=15469514[44]=263032577[45]=753643799[46]=202794285[47]=715851524[48]=342333517[49]=98711209432[50]=343423[51]=1885140619[52]=79606078[53]=9001573244[54]=67734243431
End task 2 out of 2, seed status: [0]=1[1]=46831694[2]=1841581359[3]=1193163244[4]=727633698[5]=161738484[6]=804159733[7]=1671059989[8]=1051288424[9]=1961692154[10]=717419739[11]=1202720919[12]=1411972369[13]=1954742072[14]=773974676[15]=1424710518[16]=31372182[17]=1587971842[18]=25694855[19]=407228415[20]=1108777236[21]=579298991[22]=584915917[23]=722191223[24]=1181069498[25]=1554783605[26]=881155353[27]=1489529863[28]=1521138112[29]=298370230[30]=1140279430[31]=1335826707[32]=706178559[33]=110356601[34]=884434366[35]=962338209[36]=1341315363[37]=709314158[38]=1098075809[39]=1426830589[40]=8792130[41]=606179079[42]=1500869201[43]=1233269914[44]=263032577[45]=753643799[46]=202794285[47]=715851524[48]=342333517[49]=98711209432[50]=343423[51]=865207548[52]=1836712726[53]=9001573244[54]=67734243431
-- Skew summary ---
[0]: #calls= 0 #outside of manifesto= 0 #givenUp= 0
[1]: #calls= 0 #outside of manifesto= 0 #givenUp= 0
[2]: #calls= 0 #outside of manifesto= 0 #givenUp= 0
[3]: #calls= 0 #outside of manifesto= 0 #givenUp= 0
[4]: #calls= 0 #outside of manifesto= 0 #givenUp= 0
[5]: #calls= 0 #outside of manifesto= 0 #givenUp= 0
[6]: #calls= 0 #outside of manifesto= 0 #givenUp= 0
[7]: #calls= 0 #outside of manifesto= 0 #givenUp= 0
[8]: #calls= 0 #outside of manifesto= 0 #givenUp= 0
[9]: #calls= 0 #outside of manifesto= 0 #givenUp= 0
[10]: #calls= 0 #outside of manifesto= 0 #givenUp= 0
[11]: #calls= 750000 #outside of manifesto= 231099 #givenUp= 26
[12]: #calls= 750000 #outside of manifesto= 487143 #givenUp= 0
[13]: #calls= 750000 #outside of manifesto= 286031 #givenUp= 2
[14]: #calls= 3412114 #outside of manifesto= 0 #givenUp= 0
[15]: #calls= 3412114 #outside of manifesto= 0 #givenUp= 0
[16]: #calls= 3412114 #outside of manifesto= 0 #givenUp= 0
[17]: #calls= 3412114 #outside of manifesto= 0 #givenUp= 0
[18]: #calls= 3412114 #outside of manifesto= 0 #givenUp= 0
[19]: #calls= 3412114 #outside of manifesto= 2029698 #givenUp= 0
[20]: #calls= 3412114 #outside of manifesto= 0 #givenUp= 0
[21]: #calls= 3412114 #outside of manifesto= 126342 #givenUp= 56735
[22]: #calls= 3412114 #outside of manifesto= 0 #givenUp= 0
[23]: #calls= 3412114 #outside of manifesto= 0 #givenUp= 0
[24]: #calls= 1472554 #outside of manifesto= 0 #givenUp= 0
[25]: #calls= 3412114 #outside of manifesto= 2319249 #givenUp= 0
[26]: #calls= 0 #outside of manifesto= 0 #givenUp= 0
[27]: #calls= 0 #outside of manifesto= 0 #givenUp= 0
[28]: #calls= 0 #outside of manifesto= 0 #givenUp= 0
[29]: #calls= 0 #outside of manifesto= 0 #givenUp= 0
[30]: #calls= 0 #outside of manifesto= 0 #givenUp= 0
[31]: #calls= 0 #outside of manifesto= 0 #givenUp= 0
[32]: #calls= 0 #outside of manifesto= 0 #givenUp= 0
[33]: #calls= 0 #outside of manifesto= 0 #givenUp= 0
[34]: #calls= 0 #outside of manifesto= 0 #givenUp= 0
[35]: #calls= 0 #outside of manifesto= 0 #givenUp= 0
[36]: #calls= 0 #outside of manifesto= 0 #givenUp= 0
[37]: #calls= 0 #outside of manifesto= 0 #givenUp= 0
[38]: #calls= 750000 #outside of manifesto= 0 #givenUp= 0
[39]: #calls= 0 #outside of manifesto= 0 #givenUp= 0
[40]: #calls= 750000 #outside of manifesto= 439265 #givenUp= 0
[41]: #calls= 0 #outside of manifesto= 0 #givenUp= 0
[42]: #calls= 0 #outside of manifesto= 0 #givenUp= 0
[43]: #calls= 750000 #outside of manifesto= 0 #givenUp= 0
[44]: #calls= 0 #outside of manifesto= 0 #givenUp= 0
[45]: #calls= 0 #outside of manifesto= 0 #givenUp= 0
[46]: #calls= 0 #outside of manifesto= 0 #givenUp= 0
[47]: #calls= 0 #outside of manifesto= 0 #givenUp= 0
[48]: #calls= 0 #outside of manifesto= 0 #givenUp= 0
[49]: #calls= 0 #outside of manifesto= 0 #givenUp= 0
[50]: #calls= 0 #outside of manifesto= 0 #givenUp= 0
[51]: #calls= 750000 #outside of manifesto= 0 #givenUp= 0
[52]: #calls= 3412114 #outside of manifesto= 0 #givenUp= 0
[53]: #calls= 0 #outside of manifesto= 0 #givenUp= 0
[54]: #calls= 0 #outside of manifesto= 0 #givenUp= 0
-- End skew summary ---
